app/build/intermediates/manifest_merge_blame_file/debug/processDebugMainManifest/manifest-merger-blame-debug-report.txt
1<?xml version="1.0" encoding="utf-8"?>
2<manifest xmlns:android="http://schemas.android.com/apk/res/android"
3    package="com.elotouch.devicetester"
4    android:versionCode="1"
5    android:versionName="1.0" >
6
7    <uses-sdk
8        android:minSdkVersion="26"
9        android:targetSdkVersion="34" />
10
11    <!-- Vibrator -->
12    <uses-permission android:name="android.permission.VIBRATE" />
12-->src\main\AndroidManifest.xml:6:5-66
12-->src\main\AndroidManifest.xml:6:22-63
13
14    <!-- Camera -->
15    <uses-permission android:name="android.permission.CAMERA" />
15-->src\main\AndroidManifest.xml:9:5-65
15-->src\main\AndroidManifest.xml:9:22-62
16
17    <!-- Microphone -->
18    <uses-permission android:name="android.permission.RECORD_AUDIO" />
18-->src\main\AndroidManifest.xml:12:5-71
18-->src\main\AndroidManifest.xml:12:22-68
19
20    <!-- Location / GPS -->
21    <uses-permission android:name="android.permission.ACCESS_FINE_LOCATION" />
21-->src\main\AndroidManifest.xml:15:5-79
21-->src\main\AndroidManifest.xml:15:22-76
22    <uses-permission android:name="android.permission.ACCESS_COARSE_LOCATION" />
22-->src\main\AndroidManifest.xml:16:5-81
22-->src\main\AndroidManifest.xml:16:22-78
23
24    <!-- NFC -->
25    <uses-permission android:name="android.permission.NFC" />
25-->src\main\AndroidManifest.xml:19:5-62
25-->src\main\AndroidManifest.xml:19:22-59
26
27    <!-- Wi-Fi / network -->
28    <uses-permission android:name="android.permission.ACCESS_WIFI_STATE" />
28-->src\main\AndroidManifest.xml:22:5-76
28-->src\main\AndroidManifest.xml:22:22-73
29    <uses-permission android:name="android.permission.CHANGE_WIFI_STATE" />
29-->src\main\AndroidManifest.xml:23:5-76
29-->src\main\AndroidManifest.xml:23:22-73
30    <uses-permission android:name="android.permission.ACCESS_NETWORK_STATE" />
30-->src\main\AndroidManifest.xml:24:5-79
30-->src\main\AndroidManifest.xml:24:22-76
31    <uses-permission android:name="android.permission.INTERNET" />
31-->src\main\AndroidManifest.xml:25:5-67
31-->src\main\AndroidManifest.xml:25:22-64
32
33    <!-- Bluetooth (legacy, <= API 30) -->
34    <uses-permission
34-->src\main\AndroidManifest.xml:28:5-95
35        android:name="android.permission.BLUETOOTH"
35-->src\main\AndroidManifest.xml:28:22-65
36        android:maxSdkVersion="30" />
36-->src\main\AndroidManifest.xml:28:66-92
37    <uses-permission
37-->src\main\AndroidManifest.xml:29:5-101
38        android:name="android.permission.BLUETOOTH_ADMIN"
38-->src\main\AndroidManifest.xml:29:22-71
39        android:maxSdkVersion="30" />
39-->src\main\AndroidManifest.xml:29:72-98
40    <!-- Bluetooth (API 31+) -->
41    <uses-permission android:name="android.permission.BLUETOOTH_SCAN" />
41-->src\main\AndroidManifest.xml:31:5-32:31
41-->src\main\AndroidManifest.xml:31:22-70
42    <uses-permission android:name="android.permission.BLUETOOTH_CONNECT" />
42-->src\main\AndroidManifest.xml:33:5-34:31
42-->src\main\AndroidManifest.xml:33:22-73
43
44    <!--
45         Hardware features: all optional so the app installs on any device.
46         Actual presence is probed at runtime (HardwareDetector).
47    -->
48    <uses-feature
48-->src\main\AndroidManifest.xml:38:5-82
49        android:name="android.hardware.nfc"
49-->src\main\AndroidManifest.xml:38:19-54
50        android:required="false" />
50-->src\main\AndroidManifest.xml:38:55-79
51    <uses-feature
51-->src\main\AndroidManifest.xml:39:5-89
52        android:name="android.hardware.camera.any"
52-->src\main\AndroidManifest.xml:39:19-61
53        android:required="false" />
53-->src\main\AndroidManifest.xml:39:62-86
54    <uses-feature
54-->src\main\AndroidManifest.xml:40:5-91
55        android:name="android.hardware.camera.flash"
55-->src\main\AndroidManifest.xml:40:19-63
56        android:required="false" />
56-->src\main\AndroidManifest.xml:40:64-88
57    <uses-feature
57-->src\main\AndroidManifest.xml:41:5-91
58        android:name="android.hardware.location.gps"
58-->src\main\AndroidManifest.xml:41:19-63
59        android:required="false" />
59-->src\main\AndroidManifest.xml:41:64-88
60    <uses-feature
60-->src\main\AndroidManifest.xml:42:5-87
61        android:name="android.hardware.location"
61-->src\main\AndroidManifest.xml:42:19-59
62        android:required="false" />
62-->src\main\AndroidManifest.xml:42:60-84
63    <uses-feature
63-->src\main\AndroidManifest.xml:43:5-83
64        android:name="android.hardware.wifi"
64-->src\main\AndroidManifest.xml:43:19-55
65        android:required="false" />
65-->src\main\AndroidManifest.xml:43:56-80
66    <uses-feature
66-->src\main\AndroidManifest.xml:44:5-88
67        android:name="android.hardware.bluetooth"
67-->src\main\AndroidManifest.xml:44:19-60
68        android:required="false" />
68-->src\main\AndroidManifest.xml:44:61-85
69    <uses-feature
69-->src\main\AndroidManifest.xml:45:5-91
70        android:name="android.hardware.bluetooth_le"
70-->src\main\AndroidManifest.xml:45:19-63
71        android:required="false" />
71-->src\main\AndroidManifest.xml:45:64-88
72    <uses-feature
72-->src\main\AndroidManifest.xml:46:5-89
73        android:name="android.hardware.microphone"
73-->src\main\AndroidManifest.xml:46:19-61
74        android:required="false" />
74-->src\main\AndroidManifest.xml:46:62-86
75    <uses-feature
75-->src\main\AndroidManifest.xml:47:5-99
76        android:name="android.hardware.sensor.accelerometer"
76-->src\main\AndroidManifest.xml:47:19-71
77        android:required="false" />
77-->src\main\AndroidManifest.xml:47:72-96
78    <uses-feature
78-->src\main\AndroidManifest.xml:48:5-95
79        android:name="android.hardware.sensor.gyroscope"
79-->src\main\AndroidManifest.xml:48:19-67
80        android:required="false" />
80-->src\main\AndroidManifest.xml:48:68-92
81    <uses-feature
81-->src\main\AndroidManifest.xml:49:5-93
82        android:name="android.hardware.sensor.compass"
82-->src\main\AndroidManifest.xml:49:19-65
83        android:required="false" />
83-->src\main\AndroidManifest.xml:49:66-90
84    <uses-feature
84-->src\main\AndroidManifest.xml:50:5-91
85        android:name="android.hardware.sensor.light"
85-->src\main\AndroidManifest.xml:50:19-63
86        android:required="false" />
86-->src\main\AndroidManifest.xml:50:64-88
87    <uses-feature
87-->src\main\AndroidManifest.xml:51:5-95
88        android:name="android.hardware.sensor.proximity"
88-->src\main\AndroidManifest.xml:51:19-67
89        android:required="false" />
89-->src\main\AndroidManifest.xml:51:68-92
90
91    <permission
91-->[androidx.core:core:1.13.0] AndroidManifest.xml:22:5-24:47
92        android:name="com.elotouch.devicetester.DYNAMIC_RECEIVER_NOT_EXPORTED_PERMISSION"
92-->[androidx.core:core:1.13.0] AndroidManifest.xml:23:9-81
93        android:protectionLevel="signature" />
93-->[androidx.core:core:1.13.0] AndroidManifest.xml:24:9-44
94
95    <uses-permission android:name="com.elotouch.devicetester.DYNAMIC_RECEIVER_NOT_EXPORTED_PERMISSION" />
95-->[androidx.core:core:1.13.0] AndroidManifest.xml:26:5-97
95-->[androidx.core:core:1.13.0] AndroidManifest.xml:26:22-94
96
97    <application
97-->src\main\AndroidManifest.xml:53:5-88:19
98        android:allowBackup="true"
98-->src\main\AndroidManifest.xml:54:9-35
99        android:appComponentFactory="androidx.core.app.CoreComponentFactory"
99-->[androidx.core:core:1.13.0] AndroidManifest.xml:28:18-86
100        android:debuggable="true"
101        android:extractNativeLibs="false"
102        android:icon="@drawable/ic_launcher"
102-->src\main\AndroidManifest.xml:55:9-45
103        android:label="@string/app_name"
103-->src\main\AndroidManifest.xml:57:9-41
104        android:roundIcon="@drawable/ic_launcher"
104-->src\main\AndroidManifest.xml:56:9-50
105        android:supportsRtl="true"
105-->src\main\AndroidManifest.xml:58:9-35
106        android:theme="@style/Theme.EloDeviceTester" >
106-->src\main\AndroidManifest.xml:59:9-53
107        <activity
107-->src\main\AndroidManifest.xml:61:9-66:20
108            android:name="com.elotouch.devicetester.MainActivity"
108-->src\main\AndroidManifest.xml:61:19-47
109            android:exported="true" >
109-->src\main\AndroidManifest.xml:61:48-71
110            <intent-filter>
110-->src\main\AndroidManifest.xml:62:13-65:29
111                <action android:name="android.intent.action.MAIN" />
111-->src\main\AndroidManifest.xml:63:17-69
111-->src\main\AndroidManifest.xml:63:25-66
112
113                <category android:name="android.intent.category.LAUNCHER" />
113-->src\main\AndroidManifest.xml:64:17-77
113-->src\main\AndroidManifest.xml:64:27-74
114            </intent-filter>
115        </activity>
116        <activity android:name="com.elotouch.devicetester.modules.ddr.DdrActivity" />
116-->src\main\AndroidManifest.xml:68:9-61
116-->src\main\AndroidManifest.xml:68:19-58
117        <activity android:name="com.elotouch.devicetester.modules.storage.StorageActivity" />
117-->src\main\AndroidManifest.xml:69:9-69
117-->src\main\AndroidManifest.xml:69:19-66
118        <activity
118-->src\main\AndroidManifest.xml:70:9-92
119            android:name="com.elotouch.devicetester.modules.nfc.NfcActivity"
119-->src\main\AndroidManifest.xml:70:19-58
120            android:launchMode="singleTop" />
120-->src\main\AndroidManifest.xml:70:59-89
121        <activity android:name="com.elotouch.devicetester.modules.gps.GpsActivity" />
121-->src\main\AndroidManifest.xml:71:9-61
121-->src\main\AndroidManifest.xml:71:19-58
122        <activity android:name="com.elotouch.devicetester.modules.vibrator.VibratorActivity" />
122-->src\main\AndroidManifest.xml:72:9-71
122-->src\main\AndroidManifest.xml:72:19-68
123        <activity android:name="com.elotouch.devicetester.modules.display.DisplayActivity" />
123-->src\main\AndroidManifest.xml:73:9-69
123-->src\main\AndroidManifest.xml:73:19-66
124        <activity
124-->src\main\AndroidManifest.xml:74:9-75:71
125            android:name="com.elotouch.devicetester.modules.display.ColorTestActivity"
125-->src\main\AndroidManifest.xml:74:19-68
126            android:theme="@style/Theme.EloDeviceTester.Fullscreen" />
126-->src\main\AndroidManifest.xml:75:13-68
127        <activity
127-->src\main\AndroidManifest.xml:76:9-77:71
128            android:name="com.elotouch.devicetester.modules.display.GrayscaleActivity"
128-->src\main\AndroidManifest.xml:76:19-68
129            android:theme="@style/Theme.EloDeviceTester.Fullscreen" />
129-->src\main\AndroidManifest.xml:77:13-68
130        <activity android:name="com.elotouch.devicetester.modules.touch.TouchActivity" />
130-->src\main\AndroidManifest.xml:78:9-65
130-->src\main\AndroidManifest.xml:78:19-62
131        <activity
131-->src\main\AndroidManifest.xml:79:9-80:71
132            android:name="com.elotouch.devicetester.modules.touch.MultiTouchActivity"
132-->src\main\AndroidManifest.xml:79:19-67
133            android:theme="@style/Theme.EloDeviceTester.Fullscreen" />
133-->src\main\AndroidManifest.xml:80:13-68
134        <activity
134-->src\main\AndroidManifest.xml:81:9-82:71
135            android:name="com.elotouch.devicetester.modules.touch.TouchGridActivity"
135-->src\main\AndroidManifest.xml:81:19-66
136            android:theme="@style/Theme.EloDeviceTester.Fullscreen" />
136-->src\main\AndroidManifest.xml:82:13-68
137        <activity android:name="com.elotouch.devicetester.modules.audio.AudioActivity" />
137-->src\main\AndroidManifest.xml:83:9-65
137-->src\main\AndroidManifest.xml:83:19-62
138        <activity android:name="com.elotouch.devicetester.modules.camera.CameraActivity" />
138-->src\main\AndroidManifest.xml:84:9-67
138-->src\main\AndroidManifest.xml:84:19-64
139        <activity android:name="com.elotouch.devicetester.modules.wifibt.WifiBtActivity" />
139-->src\main\AndroidManifest.xml:85:9-67
139-->src\main\AndroidManifest.xml:85:19-64
140        <activity android:name="com.elotouch.devicetester.modules.sensors.SensorsActivity" />
140-->src\main\AndroidManifest.xml:86:9-69
140-->src\main\AndroidManifest.xml:86:19-66
141        <activity android:name="com.elotouch.devicetester.modules.battery.BatteryActivity" />
141-->src\main\AndroidManifest.xml:87:9-69
141-->src\main\AndroidManifest.xml:87:19-66
142
143        <service
143-->[androidx.camera:camera-camera2:1.3.4] AndroidManifest.xml:24:9-33:19
144            android:name="androidx.camera.core.impl.MetadataHolderService"
144-->[androidx.camera:camera-camera2:1.3.4] AndroidManifest.xml:25:13-75
145            android:enabled="false"
145-->[androidx.camera:camera-camera2:1.3.4] AndroidManifest.xml:26:13-36
146            android:exported="false" >
146-->[androidx.camera:camera-camera2:1.3.4] AndroidManifest.xml:27:13-37
147            <meta-data
147-->[androidx.camera:camera-camera2:1.3.4] AndroidManifest.xml:30:13-32:89
148                android:name="androidx.camera.core.impl.MetadataHolderService.DEFAULT_CONFIG_PROVIDER"
148-->[androidx.camera:camera-camera2:1.3.4] AndroidManifest.xml:31:17-103
149                android:value="androidx.camera.camera2.Camera2Config$DefaultProvider" />
149-->[androidx.camera:camera-camera2:1.3.4] AndroidManifest.xml:32:17-86
150        </service>
151
152        <provider
152-->[androidx.emoji2:emoji2:1.3.0] AndroidManifest.xml:24:9-32:20
153            android:name="androidx.startup.InitializationProvider"
153-->[androidx.emoji2:emoji2:1.3.0] AndroidManifest.xml:25:13-67
154            android:authorities="com.elotouch.devicetester.androidx-startup"
154-->[androidx.emoji2:emoji2:1.3.0] AndroidManifest.xml:26:13-68
155            android:exported="false" >
155-->[androidx.emoji2:emoji2:1.3.0] AndroidManifest.xml:27:13-37
156            <meta-data
156-->[androidx.emoji2:emoji2:1.3.0] AndroidManifest.xml:29:13-31:52
157                android:name="androidx.emoji2.text.EmojiCompatInitializer"
157-->[androidx.emoji2:emoji2:1.3.0] AndroidManifest.xml:30:17-75
158                android:value="androidx.startup" />
158-->[androidx.emoji2:emoji2:1.3.0] AndroidManifest.xml:31:17-49
159            <meta-data
159-->[androidx.lifecycle:lifecycle-process:2.6.2] AndroidManifest.xml:29:13-31:52
160                android:name="androidx.lifecycle.ProcessLifecycleInitializer"
160-->[androidx.lifecycle:lifecycle-process:2.6.2] AndroidManifest.xml:30:17-78
161                android:value="androidx.startup" />
161-->[androidx.lifecycle:lifecycle-process:2.6.2] AndroidManifest.xml:31:17-49
162            <meta-data
162-->[androidx.profileinstaller:profileinstaller:1.3.1] AndroidManifest.xml:29:13-31:52
163                android:name="androidx.profileinstaller.ProfileInstallerInitializer"
163-->[androidx.profileinstaller:profileinstaller:1.3.1] AndroidManifest.xml:30:17-85
164                android:value="androidx.startup" />
164-->[androidx.profileinstaller:profileinstaller:1.3.1] AndroidManifest.xml:31:17-49
165        </provider>
166
167        <receiver
167-->[androidx.profileinstaller:profileinstaller:1.3.1] AndroidManifest.xml:34:9-52:20
168            android:name="androidx.profileinstaller.ProfileInstallReceiver"
168-->[androidx.profileinstaller:profileinstaller:1.3.1] AndroidManifest.xml:35:13-76
169            android:directBootAware="false"
169-->[androidx.profileinstaller:profileinstaller:1.3.1] AndroidManifest.xml:36:13-44
170            android:enabled="true"
170-->[androidx.profileinstaller:profileinstaller:1.3.1] AndroidManifest.xml:37:13-35
171            android:exported="true"
171-->[androidx.profileinstaller:profileinstaller:1.3.1] AndroidManifest.xml:38:13-36
172            android:permission="android.permission.DUMP" >
172-->[androidx.profileinstaller:profileinstaller:1.3.1] AndroidManifest.xml:39:13-57
173            <intent-filter>
173-->[androidx.profileinstaller:profileinstaller:1.3.1] AndroidManifest.xml:40:13-42:29
174                <action android:name="androidx.profileinstaller.action.INSTALL_PROFILE" />
174-->[androidx.profileinstaller:profileinstaller:1.3.1] AndroidManifest.xml:41:17-91
174-->[androidx.profileinstaller:profileinstaller:1.3.1] AndroidManifest.xml:41:25-88
175            </intent-filter>
176            <intent-filter>
176-->[androidx.profileinstaller:profileinstaller:1.3.1] AndroidManifest.xml:43:13-45:29
177                <action android:name="androidx.profileinstaller.action.SKIP_FILE" />
177-->[androidx.profileinstaller:profileinstaller:1.3.1] AndroidManifest.xml:44:17-85
177-->[androidx.profileinstaller:profileinstaller:1.3.1] AndroidManifest.xml:44:25-82
178            </intent-filter>
179            <intent-filter>
179-->[androidx.profileinstaller:profileinstaller:1.3.1] AndroidManifest.xml:46:13-48:29
180                <action android:name="androidx.profileinstaller.action.SAVE_PROFILE" />
180-->[androidx.profileinstaller:profileinstaller:1.3.1] AndroidManifest.xml:47:17-88
180-->[androidx.profileinstaller:profileinstaller:1.3.1] AndroidManifest.xml:47:25-85
181            </intent-filter>
182            <intent-filter>
182-->[androidx.profileinstaller:profileinstaller:1.3.1] AndroidManifest.xml:49:13-51:29
183                <action android:name="androidx.profileinstaller.action.BENCHMARK_OPERATION" />
183-->[androidx.profileinstaller:profileinstaller:1.3.1] AndroidManifest.xml:50:17-95
183-->[androidx.profileinstaller:profileinstaller:1.3.1] AndroidManifest.xml:50:25-92
184            </intent-filter>
185        </receiver>
186    </application>
187
188</manifest>